Drill report for Modulo CO2 de bus TM.kicad_pcb
Created on 2025-07-20T02:37:29-0500

Copper Layer Stackup:
    =============================================================
    L1 :  F.Cu                      front
    L2 :  B.Cu                      back


Drill file 'Modulo CO2 de bus TM.drl' contains
    plated through holes:
    =============================================================
    T1  0,800mm  0,0315"  (2 holes)
    T2  0,900mm  0,0354"  (2 holes)
    T3  1,000mm  0,0394"  (64 holes)  (with 3 slots)
    T4  1,500mm  0,0591"  (4 holes)
    T5  2,200mm  0,0866"  (4 holes)
    T6  3,200mm  0,1260"  (7 holes)

    Total plated holes count 83


Not plated through holes are merged with plated holes
    unplated through holes:
    =============================================================
    T7  1,800mm  0,0709"  (2 holes)

    Total unplated holes count 2
